<?xml version="1.0" encoding="UTF-8" ?>
<testsuite failures="0" time="0.329" errors="0" skipped="0" tests="1" name="continuousintegration.UtilTest">
  <properties>
    <property name="java.runtime.name" value="Java(TM) SE Runtime Environment"/>
    <property name="sun.boot.library.path" value="C:\Program Files\Java\jdk1.7.0_75\jre\bin"/>
    <property name="java.vm.version" value="24.75-b04"/>
    <property name="java.vm.vendor" value="Oracle Corporation"/>
    <property name="java.vendor.url" value="http://java.oracle.com/"/>
    <property name="path.separator" value=";"/>
    <property name="java.vm.name" value="Java HotSpot(TM) 64-Bit Server VM"/>
    <property name="file.encoding.pkg" value="sun.io"/>
    <property name="user.script" value=""/>
    <property name="user.country" value="US"/>
    <property name="sun.java.launcher" value="SUN_STANDARD"/>
    <property name="sun.os.patch.level" value="Service Pack 1"/>
    <property name="java.vm.specification.name" value="Java Virtual Machine Specification"/>
    <property name="user.dir" value="C:\Users\sahsh001\newworkspace\continuousintegration\continuousintegration"/>
    <property name="java.runtime.version" value="1.7.0_75-b13"/>
    <property name="java.awt.graphicsenv" value="sun.awt.Win32GraphicsEnvironment"/>
    <property name="basedir" value="C:\Users\sahsh001\newworkspace\continuousintegration\continuousintegration"/>
    <property name="java.endorsed.dirs" value="C:\Program Files\Java\jdk1.7.0_75\jre\lib\endorsed"/>
    <property name="os.arch" value="amd64"/>
    <property name="surefire.real.class.path" value="C:\Users\sahsh001\newworkspace\continuousintegration\continuousintegration\target\surefire\surefirebooter6489662635607337686.jar"/>
    <property name="java.io.tmpdir" value="C:\Users\sahsh001\AppData\Local\Temp\"/>
    <property name="line.separator" value="
"/>
    <property name="java.vm.specification.vendor" value="Oracle Corporation"/>
    <property name="user.variant" value=""/>
    <property name="os.name" value="Windows 7"/>
    <property name="sun.jnu.encoding" value="Cp1252"/>
    <property name="java.library.path" value="C:\Program Files\Java\jdk1.7.0_75\jre\bin;C:\Windows\Sun\Java\bin;C:\Windows\system32;C:\Windows;C:/Program Files/Java/jdk1.7.0_75/bin/../jre/bin/server;C:/Program Files/Java/jdk1.7.0_75/bin/../jre/bin;C:/Program Files/Java/jdk1.7.0_75/bin/../jre/lib/amd64;C:\Program Files\Java\jdk1.7.0_75\bin;C:\ProgramData\Oracle\Java\javapath;C:\Program Files\Common Files\Microsoft Shared\Microsoft Online Services;C:\Program Files (x86)\Common Files\Microsoft Shared\Microsoft Online Services;C:\Program Files (x86)\IBM\WebSphere MQ\Java\lib;C:\Windows\system32;C:\Windows;C:\Windows\System32\Wbem;C:\Windows\System32\WindowsPowerShell\v1.0\;C:\Program Files (x86)\IBM\Client Access\Emulator;C:\Program Files (x86)\IBM\Client Access\Shared;C:\Program Files (x86)\IBM\Client Access\;C:\Program Files (x86)\Borland\StarTeam SDK 11.0\Lib;C:\Program Files (x86)\Borland\StarTeam SDK 11.0\Bin;C:\SQLLIB\BIN;C:\SQLLIB\FUNCTION;C:\SQLLIB\SAMPLES\REPL;C:\Program Files (x86)\Tealeaf;C:\Program Files (x86)\IBM\WebSphere MQ\bin;C:\Program Files (x86)\IBM\WebSphere MQ\tools\c\samples\bin;C:\Program Files (x86)\cURL\bin;C:\Vijay\POC\apache-maven-3.2.5\bin;C:\Vijay\POC\Apache-Subversion-1.8.11\bin;C:\Vijay\POC\TortoiseSVN\bin;C:\Users\sahsh001\AppData\Local\Programs\Git\cmd;C:\Vijay\POC\eclipse-jee-luna-SR2-win32-x86_64\eclipse;;."/>
    <property name="surefire.test.class.path" value="C:\Users\sahsh001\newworkspace\continuousintegration\continuousintegration\target\test-classes;C:\Users\sahsh001\newworkspace\continuousintegration\continuousintegration\target\classes;C:\Users\sahsh001\.m2\repository\javax\servlet\servlet-api\2.5\servlet-api-2.5.jar;C:\Users\sahsh001\.m2\repository\junit\junit\4.0\junit-4.0.jar;C:\Users\sahsh001\.m2\repository\org\mockito\mockito-all\1.9.5\mockito-all-1.9.5.jar;"/>
    <property name="java.specification.name" value="Java Platform API Specification"/>
    <property name="java.class.version" value="51.0"/>
    <property name="sun.management.compiler" value="HotSpot 64-Bit Tiered Compilers"/>
    <property name="os.version" value="6.1"/>
    <property name="user.home" value="C:\Users\sahsh001"/>
    <property name="user.timezone" value=""/>
    <property name="java.awt.printerjob" value="sun.awt.windows.WPrinterJob"/>
    <property name="java.specification.version" value="1.7"/>
    <property name="file.encoding" value="Cp1252"/>
    <property name="user.name" value="sahsh001"/>
    <property name="java.class.path" value="C:\Users\sahsh001\newworkspace\continuousintegration\continuousintegration\target\test-classes;C:\Users\sahsh001\newworkspace\continuousintegration\continuousintegration\target\classes;C:\Users\sahsh001\.m2\repository\javax\servlet\servlet-api\2.5\servlet-api-2.5.jar;C:\Users\sahsh001\.m2\repository\junit\junit\4.0\junit-4.0.jar;C:\Users\sahsh001\.m2\repository\org\mockito\mockito-all\1.9.5\mockito-all-1.9.5.jar;"/>
    <property name="java.vm.specification.version" value="1.7"/>
    <property name="sun.arch.data.model" value="64"/>
    <property name="java.home" value="C:\Program Files\Java\jdk1.7.0_75\jre"/>
    <property name="sun.java.command" value="C:\Users\sahsh001\newworkspace\continuousintegration\continuousintegration\target\surefire\surefirebooter6489662635607337686.jar C:\Users\sahsh001\newworkspace\continuousintegration\continuousintegration\target\surefire\surefire4413997992900743706tmp C:\Users\sahsh001\newworkspace\continuousintegration\continuousintegration\target\surefire\surefire5685841940025913811tmp"/>
    <property name="java.specification.vendor" value="Oracle Corporation"/>
    <property name="user.language" value="en"/>
    <property name="awt.toolkit" value="sun.awt.windows.WToolkit"/>
    <property name="java.vm.info" value="mixed mode"/>
    <property name="java.version" value="1.7.0_75"/>
    <property name="java.ext.dirs" value="C:\Program Files\Java\jdk1.7.0_75\jre\lib\ext;C:\Windows\Sun\Java\lib\ext"/>
    <property name="sun.boot.class.path" value="C:\Program Files\Java\jdk1.7.0_75\jre\lib\resources.jar;C:\Program Files\Java\jdk1.7.0_75\jre\lib\rt.jar;C:\Program Files\Java\jdk1.7.0_75\jre\lib\sunrsasign.jar;C:\Program Files\Java\jdk1.7.0_75\jre\lib\jsse.jar;C:\Program Files\Java\jdk1.7.0_75\jre\lib\jce.jar;C:\Program Files\Java\jdk1.7.0_75\jre\lib\charsets.jar;C:\Program Files\Java\jdk1.7.0_75\jre\lib\jfr.jar;C:\Program Files\Java\jdk1.7.0_75\jre\classes"/>
    <property name="java.vendor" value="Oracle Corporation"/>
    <property name="localRepository" value="C:\Users\sahsh001\.m2\repository"/>
    <property name="file.separator" value="\"/>
    <property name="java.vendor.url.bug" value="http://bugreport.sun.com/bugreport/"/>
    <property name="sun.cpu.endian" value="little"/>
    <property name="sun.io.unicode.encoding" value="UnicodeLittle"/>
    <property name="sun.desktop" value="windows"/>
    <property name="sun.cpu.isalist" value="amd64"/>
  </properties>
  <testcase time="0" classname="continuousintegration.UtilTest" name="testService"/>
</testsuite>